<?xml version="1.0" encoding="UTF-8"?>
<testsuite name="frc.team7021.practice.PrintMessageTest" tests="1" skipped="0" failures="0" errors="0" timestamp="2018-11-28T01:06:56" hostname="AARCWILT0007730" time="0.002">
  <properties/>
  <testcase name="testGetMessage" classname="frc.team7021.practice.PrintMessageTest" time="0.002"/>
  <system-out><![CDATA[]]></system-out>
  <system-err><![CDATA[]]></system-err>
</testsuite>
